<?xml version="1.0" encoding="UTF-8"?>
<!-- Generated by org.testng.reporters.JUnitXMLReporter -->
<testsuite hostname="D-113073496" ignored="0" name="Default test" tests="3" failures="0" timestamp="23 Aug 2018 14:10:40 GMT" time="1.628" errors="0">
  <testcase name="test_steps" time="1.072" classname="alpha.DataDrivenTC"/>
  <testcase name="test_steps" time="0.37" classname="alpha.DataDrivenTC"/>
  <testcase name="test_steps" time="0.024" classname="alpha.DataDrivenTC"/>
</testsuite> <!-- Default test -->
